<?xml version="1.0" encoding="utf-8"?><testsuites name="pytest tests"><testsuite name="pytest" errors="0" failures="0" skipped="0" tests="12" time="1.979" timestamp="2026-09-21T14:26:35.661889+00:00" hostname="agent-env-9cb02b42-b2f4-4533-b88b-eddf52fa34a9"><testcase classname="tests.test_refactor_regression.TestBootAndReads" name="test_marketplace_listings" time="0.224" /><testcase classname="tests.test_refactor_regression.TestAuth" name="test_steam_manual_auth_creates_user_and_returns_jwt" time="0.219" /><testcase classname="tests.test_refactor_regression.TestBootAndReads" name="test_skins_categories" time="0.077" /><testcase classname="tests.test_refactor_regression.TestAuth" name="test_me_profile_requires_jwt" time="0.219" /><testcase classname="tests.test_refactor_regression.TestAuth" name="test_me_profile_no_token_401" time="0.079" /><testcase classname="tests.test_refactor_regression.TestAuth" name="test_admin_login_bcrypt_ok" time="0.145" /><testcase classname="tests.test_refactor_regression.TestInventory" name="test_seller_inventory" time="0.582" /><testcase classname="tests.test_refactor_regression.TestListingAndOrder" name="test_create_listing_has_server_snapshot" time="0.872" /><testcase classname="tests.test_refactor_regression.TestAdmin" name="test_admin_stats" time="0.081" /><testcase classname="tests.test_refactor_regression.TestListingAndOrder" name="test_reserve_listing" time="0.218" /><testcase classname="tests.test_refactor_regression.TestStripeAndCors" name="test_stripe_webhook_not_404" time="0.094" /><testcase classname="tests.test_refactor_regression.TestStripeAndCors" name="test_cors_preflight_wildcard" time="0.164" /></testsuite></testsuites>